==== Starting Optuna Study ====
=== Trial 0 FINISHED | Best Val Acc: 0.7789 at epoch 256 | Test Acc: 0.7524 | Params: {'lr': 0.0006064954819769326, 'weight_decay': 5.543445877342865e-05, 'dropout': 0.5979589383352009, 'lambda': 0.3812198789799196, 'gamma': 0.736724045876618} ===
=== Trial 1 FINISHED | Best Val Acc: 0.7789 at epoch 403 | Test Acc: 0.7639 | Params: {'lr': 0.001406705153440931, 'weight_decay': 5.407523352483172e-06, 'dropout': 0.5170478695082361, 'lambda': 0.39552056717205925, 'gamma': 0.9549793253082539} ===
=== Trial 2 FINISHED | Best Val Acc: 0.7803 at epoch 286 | Test Acc: 0.7555 | Params: {'lr': 0.0009315209956548363, 'weight_decay': 4.5356500253567185e-05, 'dropout': 0.49517874375180654, 'lambda': 0.8236820955244784, 'gamma': 1.0658358346450265} ===
=== Trial 3 FINISHED | Best Val Acc: 0.7746 at epoch 380 | Test Acc: 0.7510 | Params: {'lr': 0.0026937852966987734, 'weight_decay': 3.1421931650410682e-06, 'dropout': 0.47125038891361914, 'lambda': 0.7984328612469945, 'gamma': 0.8697585580814466} ===
=== Trial 4 FINISHED | Best Val Acc: 0.7845 at epoch 331 | Test Acc: 0.7566 | Params: {'lr': 0.0012106487677404202, 'weight_decay': 1.1383007701550727e-06, 'dropout': 0.6916237890181077, 'lambda': 0.8632361575823662, 'gamma': 1.0933645727322026} ===
=== Trial 5 PRUNED at epoch 35 | Best Val Acc: 0.5958 | Test Acc: 0.5709 | Params: {'lr': 0.008051343238557742, 'weight_decay': 1.814026069292023e-05, 'dropout': 0.5490513765863817, 'lambda': 0.46901199761881107, 'gamma': 1.0364484856771314} ===
=== Trial 5 PRUNED | Best Val Acc: 0.5958 at epoch 30 | Test Acc: 0.5709 | Params: {'lr': 0.008051343238557742, 'weight_decay': 1.814026069292023e-05, 'dropout': 0.5490513765863817, 'lambda': 0.46901199761881107, 'gamma': 1.0364484856771314} ===
=== Trial 6 PRUNED at epoch 300 | Best Val Acc: 0.7648 | Test Acc: 0.7465 | Params: {'lr': 0.00012262736729827805, 'weight_decay': 1.4556195652925646e-05, 'dropout': 0.485253031729935, 'lambda': 0.32847743400548957, 'gamma': 1.8517450119979864} ===
=== Trial 6 PRUNED | Best Val Acc: 0.7648 at epoch 237 | Test Acc: 0.7465 | Params: {'lr': 0.00012262736729827805, 'weight_decay': 1.4556195652925646e-05, 'dropout': 0.485253031729935, 'lambda': 0.32847743400548957, 'gamma': 1.8517450119979864} ===
=== Trial 7 FINISHED | Best Val Acc: 0.7704 at epoch 142 | Test Acc: 0.7549 | Params: {'lr': 0.000897855633162465, 'weight_decay': 6.073186526865674e-05, 'dropout': 0.3794556857628285, 'lambda': 0.650085070466413, 'gamma': 1.7800820270392264} ===
=== Trial 8 PRUNED at epoch 20 | Best Val Acc: 0.5211 | Test Acc: 0.5428 | Params: {'lr': 0.0017468439130421637, 'weight_decay': 8.162404896000023e-06, 'dropout': 0.4489639986685577, 'lambda': 0.7459619945430737, 'gamma': 1.961058331690262} ===
=== Trial 8 PRUNED | Best Val Acc: 0.5211 at epoch 11 | Test Acc: 0.5428 | Params: {'lr': 0.0017468439130421637, 'weight_decay': 8.162404896000023e-06, 'dropout': 0.4489639986685577, 'lambda': 0.7459619945430737, 'gamma': 1.961058331690262} ===
=== Trial 9 PRUNED at epoch 120 | Best Val Acc: 0.7225 | Test Acc: 0.6424 | Params: {'lr': 0.0002937727527334833, 'weight_decay': 9.002378329732349e-06, 'dropout': 0.5456009634829568, 'lambda': 0.3537060903691421, 'gamma': 1.6983429541925736} ===
=== Trial 9 PRUNED | Best Val Acc: 0.7225 at epoch 108 | Test Acc: 0.6424 | Params: {'lr': 0.0002937727527334833, 'weight_decay': 9.002378329732349e-06, 'dropout': 0.5456009634829568, 'lambda': 0.3537060903691421, 'gamma': 1.6983429541925736} ===
=== Trial 10 PRUNED at epoch 35 | Best Val Acc: 0.6000 | Test Acc: 0.5754 | Params: {'lr': 0.00504214302715942, 'weight_decay': 0.0008553414311026921, 'dropout': 0.7400666869143763, 'lambda': 0.8977366285673308, 'gamma': 1.4250829555539712} ===
=== Trial 10 PRUNED | Best Val Acc: 0.6000 at epoch 28 | Test Acc: 0.5754 | Params: {'lr': 0.00504214302715942, 'weight_decay': 0.0008553414311026921, 'dropout': 0.7400666869143763, 'lambda': 0.8977366285673308, 'gamma': 1.4250829555539712} ===
=== Trial 11 PRUNED at epoch 35 | Best Val Acc: 0.5915 | Test Acc: 0.5743 | Params: {'lr': 0.00034160864928683824, 'weight_decay': 1.140632315895693e-06, 'dropout': 0.2377040370325113, 'lambda': 0.8857533605790812, 'gamma': 1.285723235403053} ===
=== Trial 11 PRUNED | Best Val Acc: 0.5915 at epoch 28 | Test Acc: 0.5743 | Params: {'lr': 0.00034160864928683824, 'weight_decay': 1.140632315895693e-06, 'dropout': 0.2377040370325113, 'lambda': 0.8857533605790812, 'gamma': 1.285723235403053} ===
=== Trial 12 PRUNED at epoch 30 | Best Val Acc: 0.5704 | Test Acc: 0.5113 | Params: {'lr': 0.0028358021515953787, 'weight_decay': 0.00018701815688320795, 'dropout': 0.7166754345727875, 'lambda': 0.724182586247663, 'gamma': 0.584972902954177} ===
=== Trial 12 PRUNED | Best Val Acc: 0.5704 at epoch 18 | Test Acc: 0.5113 | Params: {'lr': 0.0028358021515953787, 'weight_decay': 0.00018701815688320795, 'dropout': 0.7166754345727875, 'lambda': 0.724182586247663, 'gamma': 0.584972902954177} ===
=== Trial 13 PRUNED at epoch 110 | Best Val Acc: 0.7056 | Test Acc: 0.7141 | Params: {'lr': 0.0005699573511134961, 'weight_decay': 0.00016387967527813765, 'dropout': 0.6604536236921015, 'lambda': 0.562811625508059, 'gamma': 1.1909639761220847} ===
=== Trial 13 PRUNED | Best Val Acc: 0.7056 at epoch 100 | Test Acc: 0.7141 | Params: {'lr': 0.0005699573511134961, 'weight_decay': 0.00016387967527813765, 'dropout': 0.6604536236921015, 'lambda': 0.562811625508059, 'gamma': 1.1909639761220847} ===
=== Trial 14 PRUNED at epoch 30 | Best Val Acc: 0.5676 | Test Acc: 0.5186 | Params: {'lr': 0.0010455260659495726, 'weight_decay': 1.6191790386089191e-06, 'dropout': 0.32751661551085154, 'lambda': 0.8054184220404428, 'gamma': 1.5039073117774826} ===
=== Trial 14 PRUNED | Best Val Acc: 0.5676 at epoch 18 | Test Acc: 0.5186 | Params: {'lr': 0.0010455260659495726, 'weight_decay': 1.6191790386089191e-06, 'dropout': 0.32751661551085154, 'lambda': 0.8054184220404428, 'gamma': 1.5039073117774826} ===
=== Trial 15 PRUNED at epoch 120 | Best Val Acc: 0.7296 | Test Acc: 0.6986 | Params: {'lr': 0.0002607541778263858, 'weight_decay': 3.697019042114335e-05, 'dropout': 0.6277064375159944, 'lambda': 0.6161684755214363, 'gamma': 1.1404479130052716} ===
=== Trial 15 PRUNED | Best Val Acc: 0.7296 at epoch 106 | Test Acc: 0.6986 | Params: {'lr': 0.0002607541778263858, 'weight_decay': 3.697019042114335e-05, 'dropout': 0.6277064375159944, 'lambda': 0.6161684755214363, 'gamma': 1.1404479130052716} ===
=== Trial 16 PRUNED at epoch 35 | Best Val Acc: 0.5789 | Test Acc: 0.5068 | Params: {'lr': 0.0031222510200403382, 'weight_decay': 0.00012571598227549422, 'dropout': 0.7795014941339435, 'lambda': 0.8328061427007846, 'gamma': 0.7683346999495944} ===
=== Trial 16 PRUNED | Best Val Acc: 0.5789 at epoch 27 | Test Acc: 0.5068 | Params: {'lr': 0.0031222510200403382, 'weight_decay': 0.00012571598227549422, 'dropout': 0.7795014941339435, 'lambda': 0.8328061427007846, 'gamma': 0.7683346999495944} ===
=== Trial 17 FINISHED | Best Val Acc: 0.7732 at epoch 432 | Test Acc: 0.7501 | Params: {'lr': 0.0006020596813291182, 'weight_decay': 0.0005673573176924014, 'dropout': 0.352037989791674, 'lambda': 0.6978690184719873, 'gamma': 1.375826988613723} ===
=== Trial 18 PRUNED at epoch 35 | Best Val Acc: 0.5986 | Test Acc: 0.5740 | Params: {'lr': 0.0016781294675907237, 'weight_decay': 3.712395120703676e-06, 'dropout': 0.6947540394014164, 'lambda': 0.5135335647321189, 'gamma': 0.5078269268472604} ===
=== Trial 18 PRUNED | Best Val Acc: 0.5986 at epoch 24 | Test Acc: 0.5740 | Params: {'lr': 0.0016781294675907237, 'weight_decay': 3.712395120703676e-06, 'dropout': 0.6947540394014164, 'lambda': 0.5135335647321189, 'gamma': 0.5078269268472604} ===
=== Trial 19 FINISHED | Best Val Acc: 0.7746 at epoch 269 | Test Acc: 0.7532 | Params: {'lr': 0.0001940109582381855, 'weight_decay': 2.1544844613215893e-05, 'dropout': 0.40994601438286754, 'lambda': 0.8435051984119843, 'gamma': 1.095542610661255} ===
=== Trial 20 PRUNED at epoch 70 | Best Val Acc: 0.6676 | Test Acc: 0.6249 | Params: {'lr': 0.0009050242891932704, 'weight_decay': 0.0003460976010629366, 'dropout': 0.5863925807851224, 'lambda': 0.750110592017218, 'gamma': 1.6417626522850988} ===
=== Trial 20 PRUNED | Best Val Acc: 0.6676 at epoch 43 | Test Acc: 0.6249 | Params: {'lr': 0.0009050242891932704, 'weight_decay': 0.0003460976010629366, 'dropout': 0.5863925807851224, 'lambda': 0.750110592017218, 'gamma': 1.6417626522850988} ===
=== Trial 21 PRUNED at epoch 35 | Best Val Acc: 0.6028 | Test Acc: 0.6055 | Params: {'lr': 0.0006027515807550498, 'weight_decay': 4.190385547689826e-05, 'dropout': 0.6298474780221838, 'lambda': 0.432703445828959, 'gamma': 0.7076504350284434} ===
=== Trial 21 PRUNED | Best Val Acc: 0.6028 at epoch 34 | Test Acc: 0.6055 | Params: {'lr': 0.0006027515807550498, 'weight_decay': 4.190385547689826e-05, 'dropout': 0.6298474780221838, 'lambda': 0.432703445828959, 'gamma': 0.7076504350284434} ===
=== Trial 22 PRUNED at epoch 35 | Best Val Acc: 0.6127 | Test Acc: 0.5785 | Params: {'lr': 0.0004706714305108024, 'weight_decay': 8.198102070784732e-05, 'dropout': 0.588613211816151, 'lambda': 0.5417879255600793, 'gamma': 0.8909064570342553} ===
=== Trial 22 PRUNED | Best Val Acc: 0.6127 at epoch 32 | Test Acc: 0.5785 | Params: {'lr': 0.0004706714305108024, 'weight_decay': 8.198102070784732e-05, 'dropout': 0.588613211816151, 'lambda': 0.5417879255600793, 'gamma': 0.8909064570342553} ===
=== Trial 23 PRUNED at epoch 45 | Best Val Acc: 0.6183 | Test Acc: 0.5957 | Params: {'lr': 0.0011335915911391482, 'weight_decay': 7.286275708203508e-05, 'dropout': 0.6596406132525211, 'lambda': 0.6702473530854206, 'gamma': 0.7115169351153037} ===
=== Trial 23 PRUNED | Best Val Acc: 0.6183 at epoch 26 | Test Acc: 0.5957 | Params: {'lr': 0.0011335915911391482, 'weight_decay': 7.286275708203508e-05, 'dropout': 0.6596406132525211, 'lambda': 0.6702473530854206, 'gamma': 0.7115169351153037} ===
=== Trial 24 PRUNED at epoch 95 | Best Val Acc: 0.6930 | Test Acc: 0.6365 | Params: {'lr': 0.000725049146659781, 'weight_decay': 3.0241768642076488e-05, 'dropout': 0.7863070409842826, 'lambda': 0.7854693119800804, 'gamma': 1.001962485863007} ===
=== Trial 24 PRUNED | Best Val Acc: 0.6930 at epoch 94 | Test Acc: 0.6365 | Params: {'lr': 0.000725049146659781, 'weight_decay': 3.0241768642076488e-05, 'dropout': 0.7863070409842826, 'lambda': 0.7854693119800804, 'gamma': 1.001962485863007} ===
=== Trial 25 FINISHED | Best Val Acc: 0.7789 at epoch 370 | Test Acc: 0.7366 | Params: {'lr': 0.00040894097292439556, 'weight_decay': 0.00022927524451876404, 'dropout': 0.585080475104098, 'lambda': 0.860979959584255, 'gamma': 1.278894125373299} ===
=== Trial 26 FINISHED | Best Val Acc: 0.7676 at epoch 275 | Test Acc: 0.7386 | Params: {'lr': 0.002074717594784511, 'weight_decay': 1.388212881915461e-05, 'dropout': 0.42547059063149795, 'lambda': 0.6060213563603523, 'gamma': 0.8079685686614839} ===
=== Trial 27 PRUNED at epoch 45 | Best Val Acc: 0.6324 | Test Acc: 0.5875 | Params: {'lr': 0.0012857429898189953, 'weight_decay': 9.330152000787038e-05, 'dropout': 0.5403303463766289, 'lambda': 0.4564245699702634, 'gamma': 0.6230209042855706} ===
=== Trial 27 PRUNED | Best Val Acc: 0.6324 at epoch 43 | Test Acc: 0.5875 | Params: {'lr': 0.0012857429898189953, 'weight_decay': 9.330152000787038e-05, 'dropout': 0.5403303463766289, 'lambda': 0.4564245699702634, 'gamma': 0.6230209042855706} ===
=== Trial 28 FINISHED | Best Val Acc: 0.7648 at epoch 521 | Test Acc: 0.7451 | Params: {'lr': 0.00020138945434148236, 'weight_decay': 4.371316111546444e-05, 'dropout': 0.2872789561145604, 'lambda': 0.3020960680373778, 'gamma': 0.938704184888357} ===
=== Trial 29 FINISHED | Best Val Acc: 0.7761 at epoch 125 | Test Acc: 0.7659 | Params: {'lr': 0.0007948445905265741, 'weight_decay': 5.569739769081315e-06, 'dropout': 0.5087282606472437, 'lambda': 0.38057023444327565, 'gamma': 1.067551592736404} ===
=== Trial 30 PRUNED at epoch 145 | Best Val Acc: 0.7268 | Test Acc: 0.6919 | Params: {'lr': 0.004392946667890006, 'weight_decay': 2.038306223037654e-06, 'dropout': 0.6809942520659965, 'lambda': 0.4064233865063762, 'gamma': 1.1906311757889598} ===
=== Trial 30 PRUNED | Best Val Acc: 0.7268 at epoch 98 | Test Acc: 0.6919 | Params: {'lr': 0.004392946667890006, 'weight_decay': 2.038306223037654e-06, 'dropout': 0.6809942520659965, 'lambda': 0.4064233865063762, 'gamma': 1.1906311757889598} ===
=== Trial 31 PRUNED at epoch 20 | Best Val Acc: 0.5268 | Test Acc: 0.5146 | Params: {'lr': 0.0016588367669433581, 'weight_decay': 2.5231747362313155e-06, 'dropout': 0.5044491826145435, 'lambda': 0.3743494708211027, 'gamma': 0.9364635750839073} ===
=== Trial 31 PRUNED | Best Val Acc: 0.5268 at epoch 16 | Test Acc: 0.5146 | Params: {'lr': 0.0016588367669433581, 'weight_decay': 2.5231747362313155e-06, 'dropout': 0.5044491826145435, 'lambda': 0.3743494708211027, 'gamma': 0.9364635750839073} ===
=== Trial 32 PRUNED at epoch 45 | Best Val Acc: 0.6225 | Test Acc: 0.5692 | Params: {'lr': 0.0013506474080158806, 'weight_decay': 4.561978779537416e-06, 'dropout': 0.4680807724162745, 'lambda': 0.4745058315248115, 'gamma': 0.8753953663397536} ===
=== Trial 32 PRUNED | Best Val Acc: 0.6225 at epoch 35 | Test Acc: 0.5692 | Params: {'lr': 0.0013506474080158806, 'weight_decay': 4.561978779537416e-06, 'dropout': 0.4680807724162745, 'lambda': 0.4745058315248115, 'gamma': 0.8753953663397536} ===
=== Trial 33 PRUNED at epoch 65 | Best Val Acc: 0.6634 | Test Acc: 0.6412 | Params: {'lr': 0.0022114025129173773, 'weight_decay': 1.1725391385776236e-06, 'dropout': 0.6121298168796057, 'lambda': 0.5057870331474968, 'gamma': 1.04923293164827} ===
=== Trial 33 PRUNED | Best Val Acc: 0.6634 at epoch 49 | Test Acc: 0.6412 | Params: {'lr': 0.0022114025129173773, 'weight_decay': 1.1725391385776236e-06, 'dropout': 0.6121298168796057, 'lambda': 0.5057870331474968, 'gamma': 1.04923293164827} ===
=== Trial 34 PRUNED at epoch 25 | Best Val Acc: 0.5563 | Test Acc: 0.5436 | Params: {'lr': 0.0013194758588278668, 'weight_decay': 2.0586630998622838e-05, 'dropout': 0.5309832651974823, 'lambda': 0.775203892100982, 'gamma': 0.9830635997469163} ===
=== Trial 34 PRUNED | Best Val Acc: 0.5563 at epoch 16 | Test Acc: 0.5436 | Params: {'lr': 0.0013194758588278668, 'weight_decay': 2.0586630998622838e-05, 'dropout': 0.5309832651974823, 'lambda': 0.775203892100982, 'gamma': 0.9830635997469163} ===
=== Trial 35 FINISHED | Best Val Acc: 0.7845 at epoch 194 | Test Acc: 0.7532 | Params: {'lr': 0.0006984368516114646, 'weight_decay': 1.3455772768020793e-05, 'dropout': 0.5703750068662515, 'lambda': 0.30781322498321284, 'gamma': 0.7933063477684917} ===
=== Trial 36 PRUNED at epoch 45 | Best Val Acc: 0.6282 | Test Acc: 0.6244 | Params: {'lr': 0.0004370672069795322, 'weight_decay': 9.326155287254137e-06, 'dropout': 0.7395591216594317, 'lambda': 0.32892823368716906, 'gamma': 0.7803662992549594} ===
=== Trial 36 PRUNED | Best Val Acc: 0.6282 at epoch 37 | Test Acc: 0.6244 | Params: {'lr': 0.0004370672069795322, 'weight_decay': 9.326155287254137e-06, 'dropout': 0.7395591216594317, 'lambda': 0.32892823368716906, 'gamma': 0.7803662992549594} ===
=== Trial 37 PRUNED at epoch 35 | Best Val Acc: 0.5944 | Test Acc: 0.4989 | Params: {'lr': 0.0007359009793364742, 'weight_decay': 5.125944493644358e-05, 'dropout': 0.5731744990302098, 'lambda': 0.422995246985392, 'gamma': 0.6391172499088159} ===
=== Trial 37 PRUNED | Best Val Acc: 0.5944 at epoch 21 | Test Acc: 0.4989 | Params: {'lr': 0.0007359009793364742, 'weight_decay': 5.125944493644358e-05, 'dropout': 0.5731744990302098, 'lambda': 0.422995246985392, 'gamma': 0.6391172499088159} ===
=== Trial 38 PRUNED at epoch 25 | Best Val Acc: 0.5563 | Test Acc: 0.5191 | Params: {'lr': 0.0009791271814810943, 'weight_decay': 2.7116245438343077e-05, 'dropout': 0.47654237891990303, 'lambda': 0.3108511187618872, 'gamma': 0.8437903636124233} ===
=== Trial 38 PRUNED | Best Val Acc: 0.5563 at epoch 16 | Test Acc: 0.5191 | Params: {'lr': 0.0009791271814810943, 'weight_decay': 2.7116245438343077e-05, 'dropout': 0.47654237891990303, 'lambda': 0.3108511187618872, 'gamma': 0.8437903636124233} ===
=== Trial 39 PRUNED at epoch 150 | Best Val Acc: 0.7394 | Test Acc: 0.7167 | Params: {'lr': 0.00010379189649017197, 'weight_decay': 1.5714409648262857e-05, 'dropout': 0.6465704489975304, 'lambda': 0.3398060243971658, 'gamma': 0.5227246713620525} ===
=== Trial 39 PRUNED | Best Val Acc: 0.7394 at epoch 149 | Test Acc: 0.7167 | Params: {'lr': 0.00010379189649017197, 'weight_decay': 1.5714409648262857e-05, 'dropout': 0.6465704489975304, 'lambda': 0.3398060243971658, 'gamma': 0.5227246713620525} ===
=== Trial 40 PRUNED at epoch 25 | Best Val Acc: 0.5465 | Test Acc: 0.5189 | Params: {'lr': 0.0084647595511316, 'weight_decay': 6.525674575122011e-06, 'dropout': 0.4438988812822605, 'lambda': 0.8669999613969799, 'gamma': 0.7144721198555893} ===
=== Trial 40 PRUNED | Best Val Acc: 0.5465 at epoch 18 | Test Acc: 0.5189 | Params: {'lr': 0.0084647595511316, 'weight_decay': 6.525674575122011e-06, 'dropout': 0.4438988812822605, 'lambda': 0.8669999613969799, 'gamma': 0.7144721198555893} ===
=== Trial 41 FINISHED | Best Val Acc: 0.7887 at epoch 342 | Test Acc: 0.7656 | Params: {'lr': 0.0005543814651823306, 'weight_decay': 1.2613064265377417e-05, 'dropout': 0.5169789482534437, 'lambda': 0.3772117893979684, 'gamma': 0.9700728488025924} ===
=== Trial 42 PRUNED at epoch 65 | Best Val Acc: 0.6634 | Test Acc: 0.6095 | Params: {'lr': 0.0005327869685747325, 'weight_decay': 1.0538911509427383e-05, 'dropout': 0.5528957428393801, 'lambda': 0.3688242806817743, 'gamma': 1.1466938236308253} ===
=== Trial 42 PRUNED | Best Val Acc: 0.6634 at epoch 57 | Test Acc: 0.6095 | Params: {'lr': 0.0005327869685747325, 'weight_decay': 1.0538911509427383e-05, 'dropout': 0.5528957428393801, 'lambda': 0.3688242806817743, 'gamma': 1.1466938236308253} ===
=== Trial 43 FINISHED | Best Val Acc: 0.7817 at epoch 376 | Test Acc: 0.7701 | Params: {'lr': 0.00033867500227013274, 'weight_decay': 6.080992438369176e-05, 'dropout': 0.5190502428872469, 'lambda': 0.4098360733528407, 'gamma': 0.9520543573230287} ===
=== Trial 44 PRUNED at epoch 25 | Best Val Acc: 0.5761 | Test Acc: 0.5875 | Params: {'lr': 0.00035934291960830917, 'weight_decay': 0.0001199068360688493, 'dropout': 0.49092551835028, 'lambda': 0.8188927091022482, 'gamma': 1.0059607437608324} ===
=== Trial 44 PRUNED | Best Val Acc: 0.5761 at epoch 22 | Test Acc: 0.5875 | Params: {'lr': 0.00035934291960830917, 'weight_decay': 0.0001199068360688493, 'dropout': 0.49092551835028, 'lambda': 0.8188927091022482, 'gamma': 1.0059607437608324} ===
=== Trial 45 PRUNED at epoch 100 | Best Val Acc: 0.7113 | Test Acc: 0.6615 | Params: {'lr': 0.00022917650294230688, 'weight_decay': 5.661335575866533e-05, 'dropout': 0.389503439778977, 'lambda': 0.4021868397280894, 'gamma': 1.3513774533302099} ===
=== Trial 45 PRUNED | Best Val Acc: 0.7113 at epoch 89 | Test Acc: 0.6615 | Params: {'lr': 0.00022917650294230688, 'weight_decay': 5.661335575866533e-05, 'dropout': 0.389503439778977, 'lambda': 0.4021868397280894, 'gamma': 1.3513774533302099} ===
=== Trial 46 FINISHED | Best Val Acc: 0.7831 at epoch 212 | Test Acc: 0.7625 | Params: {'lr': 0.00032007556771675627, 'weight_decay': 1.267097775949167e-05, 'dropout': 0.5586321369320062, 'lambda': 0.3542452660594927, 'gamma': 1.2025353768858384} ===
=== Trial 47 FINISHED | Best Val Acc: 0.7817 at epoch 347 | Test Acc: 0.7589 | Params: {'lr': 0.0003045590954784201, 'weight_decay': 1.0881901270740805e-05, 'dropout': 0.5534912261265537, 'lambda': 0.3449509383688809, 'gamma': 1.5306923653560334} ===
=== Trial 48 FINISHED | Best Val Acc: 0.7873 at epoch 401 | Test Acc: 0.7608 | Params: {'lr': 0.00018098315942921412, 'weight_decay': 3.0587985966730535e-06, 'dropout': 0.6046330083348068, 'lambda': 0.44723367035515826, 'gamma': 1.1131876007222685} ===
=== Trial 49 PRUNED at epoch 85 | Best Val Acc: 0.6986 | Test Acc: 0.6657 | Params: {'lr': 0.00016498295813866204, 'weight_decay': 3.5345591584483323e-06, 'dropout': 0.6078125308788087, 'lambda': 0.45258721317571116, 'gamma': 1.2510295700654872} ===
=== Trial 49 PRUNED | Best Val Acc: 0.6986 at epoch 71 | Test Acc: 0.6657 | Params: {'lr': 0.00016498295813866204, 'weight_decay': 3.5345591584483323e-06, 'dropout': 0.6078125308788087, 'lambda': 0.45258721317571116, 'gamma': 1.2510295700654872} ===
=== Trial 50 PRUNED at epoch 100 | Best Val Acc: 0.7155 | Test Acc: 0.7012 | Params: {'lr': 0.00015084731107595852, 'weight_decay': 1.5602049619657605e-06, 'dropout': 0.6952094075935479, 'lambda': 0.3561856590354824, 'gamma': 1.1498440888049328} ===
=== Trial 50 PRUNED | Best Val Acc: 0.7155 at epoch 90 | Test Acc: 0.7012 | Params: {'lr': 0.00015084731107595852, 'weight_decay': 1.5602049619657605e-06, 'dropout': 0.6952094075935479, 'lambda': 0.3561856590354824, 'gamma': 1.1498440888049328} ===
=== Trial 51 FINISHED | Best Val Acc: 0.7732 at epoch 652 | Test Acc: 0.7535 | Params: {'lr': 0.0002704135862928837, 'weight_decay': 6.348394838623575e-06, 'dropout': 0.5243131599757402, 'lambda': 0.42610237343033625, 'gamma': 1.0868950652780671} ===
=== Trial 52 FINISHED | Best Val Acc: 0.7803 at epoch 549 | Test Acc: 0.7549 | Params: {'lr': 0.00033827136736239844, 'weight_decay': 1.3147597160853387e-05, 'dropout': 0.5749434638275251, 'lambda': 0.38773727276659076, 'gamma': 0.936204312701819} ===
=== Trial 53 PRUNED at epoch 45 | Best Val Acc: 0.6352 | Test Acc: 0.5754 | Params: {'lr': 0.00014510329451012313, 'weight_decay': 1.0241837144899767e-06, 'dropout': 0.6290619590599774, 'lambda': 0.30284480145992504, 'gamma': 1.3662923127239779} ===
=== Trial 53 PRUNED | Best Val Acc: 0.6352 at epoch 38 | Test Acc: 0.5754 | Params: {'lr': 0.00014510329451012313, 'weight_decay': 1.0241837144899767e-06, 'dropout': 0.6290619590599774, 'lambda': 0.30284480145992504, 'gamma': 1.3662923127239779} ===
=== Trial 54 PRUNED at epoch 35 | Best Val Acc: 0.6070 | Test Acc: 0.5571 | Params: {'lr': 0.0005161217555843217, 'weight_decay': 2.77913007700052e-06, 'dropout': 0.5637775170976049, 'lambda': 0.49295743619699595, 'gamma': 1.1747293086049966} ===
=== Trial 54 PRUNED | Best Val Acc: 0.6070 at epoch 33 | Test Acc: 0.5571 | Params: {'lr': 0.0005161217555843217, 'weight_decay': 2.77913007700052e-06, 'dropout': 0.5637775170976049, 'lambda': 0.49295743619699595, 'gamma': 1.1747293086049966} ===
=== Trial 55 FINISHED | Best Val Acc: 0.7746 at epoch 543 | Test Acc: 0.7566 | Params: {'lr': 0.0003881187878525142, 'weight_decay': 4.596018781283907e-06, 'dropout': 0.45621393520493886, 'lambda': 0.5753957101761749, 'gamma': 1.2256704202524333} ===
=== Trial 56 FINISHED | Best Val Acc: 0.7732 at epoch 472 | Test Acc: 0.7437 | Params: {'lr': 0.00021547847922928891, 'weight_decay': 7.431701025954668e-06, 'dropout': 0.5177882912414332, 'lambda': 0.3236091447770243, 'gamma': 1.0971316420976065} ===
=== Trial 57 PRUNED at epoch 45 | Best Val Acc: 0.6169 | Test Acc: 0.5293 | Params: {'lr': 0.0006561798985027044, 'weight_decay': 1.6511123430859293e-06, 'dropout': 0.7573236499024256, 'lambda': 0.3563115049121396, 'gamma': 0.8365497843266869} ===
=== Trial 57 PRUNED | Best Val Acc: 0.6169 at epoch 36 | Test Acc: 0.5293 | Params: {'lr': 0.0006561798985027044, 'weight_decay': 1.6511123430859293e-06, 'dropout': 0.7573236499024256, 'lambda': 0.3563115049121396, 'gamma': 0.8365497843266869} ===
=== Trial 58 PRUNED at epoch 85 | Best Val Acc: 0.7028 | Test Acc: 0.6927 | Params: {'lr': 0.00023947938915198891, 'weight_decay': 2.6786538410402356e-05, 'dropout': 0.6477359770040285, 'lambda': 0.4058386060467277, 'gamma': 1.9988060199501914} ===
=== Trial 58 PRUNED | Best Val Acc: 0.7028 at epoch 78 | Test Acc: 0.6927 | Params: {'lr': 0.00023947938915198891, 'weight_decay': 2.6786538410402356e-05, 'dropout': 0.6477359770040285, 'lambda': 0.4058386060467277, 'gamma': 1.9988060199501914} ===
=== Trial 59 PRUNED at epoch 25 | Best Val Acc: 0.5761 | Test Acc: 0.5642 | Params: {'lr': 0.0001220758781016148, 'weight_decay': 2.2437734851512844e-05, 'dropout': 0.6204497877705213, 'lambda': 0.641014837868366, 'gamma': 1.0314191387417275} ===
=== Trial 59 PRUNED | Best Val Acc: 0.5761 at epoch 19 | Test Acc: 0.5642 | Params: {'lr': 0.0001220758781016148, 'weight_decay': 2.2437734851512844e-05, 'dropout': 0.6204497877705213, 'lambda': 0.641014837868366, 'gamma': 1.0314191387417275} ===
=== Trial 60 FINISHED | Best Val Acc: 0.7831 at epoch 299 | Test Acc: 0.7617 | Params: {'lr': 0.00031614004530469334, 'weight_decay': 1.7137955175965976e-05, 'dropout': 0.5979236120651207, 'lambda': 0.441902447671922, 'gamma': 0.9166345564023832} ===
=== Trial 61 FINISHED | Best Val Acc: 0.7718 at epoch 870 | Test Acc: 0.7487 | Params: {'lr': 0.0001847276189982635, 'weight_decay': 3.4519213682360495e-05, 'dropout': 0.6017793627613961, 'lambda': 0.4422973575718637, 'gamma': 0.9080395480136944} ===
=== Trial 62 FINISHED | Best Val Acc: 0.7775 at epoch 253 | Test Acc: 0.7704 | Params: {'lr': 0.00030691643265564407, 'weight_decay': 1.602681977476294e-05, 'dropout': 0.5382844474485311, 'lambda': 0.47567305140454913, 'gamma': 0.9819555523982986} ===
=== Trial 63 PRUNED at epoch 20 | Best Val Acc: 0.5451 | Test Acc: 0.5203 | Params: {'lr': 0.0008579738553296637, 'weight_decay': 8.485920642471567e-06, 'dropout': 0.668747726664172, 'lambda': 0.531333629364777, 'gamma': 1.3059113756227716} ===
=== Trial 63 PRUNED | Best Val Acc: 0.5451 at epoch 15 | Test Acc: 0.5203 | Params: {'lr': 0.0008579738553296637, 'weight_decay': 8.485920642471567e-06, 'dropout': 0.668747726664172, 'lambda': 0.531333629364777, 'gamma': 1.3059113756227716} ===
=== Trial 64 PRUNED at epoch 25 | Best Val Acc: 0.5887 | Test Acc: 0.5461 | Params: {'lr': 0.0004975676588833498, 'weight_decay': 1.111233755744009e-05, 'dropout': 0.5027272307217927, 'lambda': 0.41244792842517775, 'gamma': 1.1084737937499338} ===
=== Trial 64 PRUNED | Best Val Acc: 0.5887 at epoch 12 | Test Acc: 0.5461 | Params: {'lr': 0.0004975676588833498, 'weight_decay': 1.111233755744009e-05, 'dropout': 0.5027272307217927, 'lambda': 0.41244792842517775, 'gamma': 1.1084737937499338} ===
=== Trial 65 PRUNED at epoch 85 | Best Val Acc: 0.7014 | Test Acc: 0.6936 | Params: {'lr': 0.00042897712167005504, 'weight_decay': 1.9146672500399765e-05, 'dropout': 0.5859027647108839, 'lambda': 0.3862541739784462, 'gamma': 0.8875195333497128} ===
=== Trial 65 PRUNED | Best Val Acc: 0.7014 at epoch 82 | Test Acc: 0.6936 | Params: {'lr': 0.00042897712167005504, 'weight_decay': 1.9146672500399765e-05, 'dropout': 0.5859027647108839, 'lambda': 0.3862541739784462, 'gamma': 0.8875195333497128} ===
=== Trial 66 PRUNED at epoch 20 | Best Val Acc: 0.5465 | Test Acc: 0.5236 | Params: {'lr': 0.0006777998716743652, 'weight_decay': 1.235689272287293e-05, 'dropout': 0.558331937728936, 'lambda': 0.36294298792907925, 'gamma': 0.7625765412351078} ===
=== Trial 66 PRUNED | Best Val Acc: 0.5465 at epoch 16 | Test Acc: 0.5236 | Params: {'lr': 0.0006777998716743652, 'weight_decay': 1.235689272287293e-05, 'dropout': 0.558331937728936, 'lambda': 0.36294298792907925, 'gamma': 0.7625765412351078} ===
=== Trial 67 PRUNED at epoch 25 | Best Val Acc: 0.5620 | Test Acc: 0.5492 | Params: {'lr': 0.0011663218714017337, 'weight_decay': 2.3326283473384718e-06, 'dropout': 0.7144959574176185, 'lambda': 0.44524487223074183, 'gamma': 1.0471839543477968} ===
=== Trial 67 PRUNED | Best Val Acc: 0.5620 at epoch 11 | Test Acc: 0.5492 | Params: {'lr': 0.0011663218714017337, 'weight_decay': 2.3326283473384718e-06, 'dropout': 0.7144959574176185, 'lambda': 0.44524487223074183, 'gamma': 1.0471839543477968} ===
=== Trial 68 FINISHED | Best Val Acc: 0.7845 at epoch 493 | Test Acc: 0.7527 | Params: {'lr': 0.00025163067127937174, 'weight_decay': 4.786187493311825e-06, 'dropout': 0.639311832706865, 'lambda': 0.7006815379319198, 'gamma': 1.2279163789815215} ===
=== Trial 69 PRUNED at epoch 100 | Best Val Acc: 0.7085 | Test Acc: 0.7077 | Params: {'lr': 0.00018205080318812254, 'weight_decay': 4.104831427066661e-06, 'dropout': 0.6413031347265453, 'lambda': 0.7500206490256465, 'gamma': 1.2235453735251383} ===
=== Trial 69 PRUNED | Best Val Acc: 0.7085 at epoch 91 | Test Acc: 0.7077 | Params: {'lr': 0.00018205080318812254, 'weight_decay': 4.104831427066661e-06, 'dropout': 0.6413031347265453, 'lambda': 0.7500206490256465, 'gamma': 1.2235453735251383} ===
=== Trial 70 FINISHED | Best Val Acc: 0.7761 at epoch 517 | Test Acc: 0.7614 | Params: {'lr': 0.00026665811270300277, 'weight_decay': 5.2672279864556705e-06, 'dropout': 0.6795560818174675, 'lambda': 0.5686836859407409, 'gamma': 1.4635819680810127} ===
=== Trial 71 PRUNED at epoch 20 | Best Val Acc: 0.5549 | Test Acc: 0.5636 | Params: {'lr': 0.00034431225582045064, 'weight_decay': 3.265453501807747e-06, 'dropout': 0.6016539845906758, 'lambda': 0.7071497582509357, 'gamma': 1.1185712758313835} ===
=== Trial 71 PRUNED | Best Val Acc: 0.5549 at epoch 16 | Test Acc: 0.5636 | Params: {'lr': 0.00034431225582045064, 'weight_decay': 3.265453501807747e-06, 'dropout': 0.6016539845906758, 'lambda': 0.7071497582509357, 'gamma': 1.1185712758313835} ===
=== Trial 72 PRUNED at epoch 85 | Best Val Acc: 0.6901 | Test Acc: 0.6629 | Params: {'lr': 0.00025271404140970885, 'weight_decay': 1.365624416473837e-06, 'dropout': 0.707034389626381, 'lambda': 0.32744277558881985, 'gamma': 1.3141794030425908} ===
=== Trial 72 PRUNED | Best Val Acc: 0.6901 at epoch 72 | Test Acc: 0.6629 | Params: {'lr': 0.00025271404140970885, 'weight_decay': 1.365624416473837e-06, 'dropout': 0.707034389626381, 'lambda': 0.32744277558881985, 'gamma': 1.3141794030425908} ===
=== Trial 73 PRUNED at epoch 25 | Best Val Acc: 0.5690 | Test Acc: 0.5627 | Params: {'lr': 0.00029097177216123735, 'weight_decay': 2.4594726879987907e-05, 'dropout': 0.5794746480210913, 'lambda': 0.6599313156169346, 'gamma': 0.8123151155969528} ===
=== Trial 73 PRUNED | Best Val Acc: 0.5690 at epoch 16 | Test Acc: 0.5627 | Params: {'lr': 0.00029097177216123735, 'weight_decay': 2.4594726879987907e-05, 'dropout': 0.5794746480210913, 'lambda': 0.6599313156169346, 'gamma': 0.8123151155969528} ===
=== Trial 74 PRUNED at epoch 35 | Best Val Acc: 0.6113 | Test Acc: 0.5909 | Params: {'lr': 0.0004586665546071307, 'weight_decay': 1.7140149177465213e-05, 'dropout': 0.6216699842840114, 'lambda': 0.4944996881285403, 'gamma': 0.9696443857491417} ===
=== Trial 74 PRUNED | Best Val Acc: 0.6113 at epoch 25 | Test Acc: 0.5909 | Params: {'lr': 0.0004586665546071307, 'weight_decay': 1.7140149177465213e-05, 'dropout': 0.6216699842840114, 'lambda': 0.4944996881285403, 'gamma': 0.9696443857491417} ===
=== Trial 75 PRUNED at epoch 35 | Best Val Acc: 0.6197 | Test Acc: 0.5979 | Params: {'lr': 0.0003883912903683915, 'weight_decay': 7.3544579703180374e-06, 'dropout': 0.7303471007838326, 'lambda': 0.6222766859994611, 'gamma': 1.1879723426721207} ===
=== Trial 75 PRUNED | Best Val Acc: 0.6197 at epoch 19 | Test Acc: 0.5979 | Params: {'lr': 0.0003883912903683915, 'weight_decay': 7.3544579703180374e-06, 'dropout': 0.7303471007838326, 'lambda': 0.6222766859994611, 'gamma': 1.1879723426721207} ===
=== Trial 76 FINISHED | Best Val Acc: 0.7775 at epoch 744 | Test Acc: 0.7485 | Params: {'lr': 0.00022640659533325916, 'weight_decay': 3.3603106695750566e-05, 'dropout': 0.5426009860923927, 'lambda': 0.3907993931111157, 'gamma': 1.0374487322432924} ===
=== Trial 77 PRUNED at epoch 30 | Best Val Acc: 0.5958 | Test Acc: 0.5838 | Params: {'lr': 0.0010653583771177305, 'weight_decay': 2.040637534161553e-06, 'dropout': 0.6654092348700679, 'lambda': 0.7728128408115131, 'gamma': 0.9162018647160179} ===
=== Trial 77 PRUNED | Best Val Acc: 0.5958 at epoch 20 | Test Acc: 0.5838 | Params: {'lr': 0.0010653583771177305, 'weight_decay': 2.040637534161553e-06, 'dropout': 0.6654092348700679, 'lambda': 0.7728128408115131, 'gamma': 0.9162018647160179} ===
=== Trial 78 PRUNED at epoch 25 | Best Val Acc: 0.5873 | Test Acc: 0.5445 | Params: {'lr': 0.000765682155749622, 'weight_decay': 8.919455637176345e-06, 'dropout': 0.48681498064208834, 'lambda': 0.6873300968269118, 'gamma': 0.6474233431069787} ===
=== Trial 78 PRUNED | Best Val Acc: 0.5873 at epoch 16 | Test Acc: 0.5445 | Params: {'lr': 0.000765682155749622, 'weight_decay': 8.919455637176345e-06, 'dropout': 0.48681498064208834, 'lambda': 0.6873300968269118, 'gamma': 0.6474233431069787} ===
=== Trial 79 PRUNED at epoch 25 | Best Val Acc: 0.5690 | Test Acc: 0.5805 | Params: {'lr': 0.0005977657961222495, 'weight_decay': 1.4289284519170132e-05, 'dropout': 0.22463056771601225, 'lambda': 0.3423284196468344, 'gamma': 0.843700633671092} ===
=== Trial 79 PRUNED | Best Val Acc: 0.5690 at epoch 18 | Test Acc: 0.5805 | Params: {'lr': 0.0005977657961222495, 'weight_decay': 1.4289284519170132e-05, 'dropout': 0.22463056771601225, 'lambda': 0.3423284196468344, 'gamma': 0.843700633671092} ===
=== Trial 80 PRUNED at epoch 25 | Best Val Acc: 0.5676 | Test Acc: 0.5219 | Params: {'lr': 0.009814838297198623, 'weight_decay': 4.155421652402927e-05, 'dropout': 0.5167416195922976, 'lambda': 0.37288303932973577, 'gamma': 1.2557882231571447} ===
=== Trial 80 PRUNED | Best Val Acc: 0.5676 at epoch 19 | Test Acc: 0.5219 | Params: {'lr': 0.009814838297198623, 'weight_decay': 4.155421652402927e-05, 'dropout': 0.5167416195922976, 'lambda': 0.37288303932973577, 'gamma': 1.2557882231571447} ===
=== Trial 81 FINISHED | Best Val Acc: 0.7817 at epoch 655 | Test Acc: 0.7451 | Params: {'lr': 0.0003283968867280349, 'weight_decay': 1.0097845603901706e-05, 'dropout': 0.5627177794676421, 'lambda': 0.31732447725329105, 'gamma': 1.4232924440416466} ===
=== Trial 82 FINISHED | Best Val Acc: 0.7789 at epoch 276 | Test Acc: 0.7634 | Params: {'lr': 0.0002922607925543456, 'weight_decay': 1.1884169648172717e-05, 'dropout': 0.5508182394901149, 'lambda': 0.3523450933778819, 'gamma': 1.6141790477378937} ===
=== Trial 83 FINISHED | Best Val Acc: 0.7817 at epoch 746 | Test Acc: 0.7617 | Params: {'lr': 0.00015992993415051875, 'weight_decay': 5.599122582224691e-06, 'dropout': 0.598655319480333, 'lambda': 0.34617111322423466, 'gamma': 1.6657181465920825} ===
=== Trial 84 FINISHED | Best Val Acc: 0.7746 at epoch 273 | Test Acc: 0.7546 | Params: {'lr': 0.000143697229165501, 'weight_decay': 5.882857853043354e-06, 'dropout': 0.595088912478052, 'lambda': 0.33219221526101794, 'gamma': 1.7843074850863396} ===
=== Trial 85 PRUNED at epoch 30 | Best Val Acc: 0.6141 | Test Acc: 0.6052 | Params: {'lr': 0.00011579456684970176, 'weight_decay': 4.3934792528258445e-06, 'dropout': 0.6388670613473184, 'lambda': 0.4188244418130326, 'gamma': 1.9008893666030635} ===
=== Trial 85 PRUNED | Best Val Acc: 0.6141 at epoch 24 | Test Acc: 0.6052 | Params: {'lr': 0.00011579456684970176, 'weight_decay': 4.3934792528258445e-06, 'dropout': 0.6388670613473184, 'lambda': 0.4188244418130326, 'gamma': 1.9008893666030635} ===
=== Trial 86 FINISHED | Best Val Acc: 0.7831 at epoch 805 | Test Acc: 0.7597 | Params: {'lr': 0.0001655642481344143, 'weight_decay': 5.480516803722853e-06, 'dropout': 0.6093905106220093, 'lambda': 0.4688696194218653, 'gamma': 1.011438710845279} ===
=== Trial 87 PRUNED at epoch 150 | Best Val Acc: 0.7352 | Test Acc: 0.7062 | Params: {'lr': 0.00016880178869100072, 'weight_decay': 5.068804620744029e-06, 'dropout': 0.613276881044501, 'lambda': 0.5503311605245714, 'gamma': 1.142829608814376} ===
=== Trial 87 PRUNED | Best Val Acc: 0.7352 at epoch 131 | Test Acc: 0.7062 | Params: {'lr': 0.00016880178869100072, 'weight_decay': 5.068804620744029e-06, 'dropout': 0.613276881044501, 'lambda': 0.5503311605245714, 'gamma': 1.142829608814376} ===
=== Trial 88 PRUNED at epoch 30 | Best Val Acc: 0.6000 | Test Acc: 0.5743 | Params: {'lr': 0.00020957250060920567, 'weight_decay': 2.879225477223048e-06, 'dropout': 0.650766140384216, 'lambda': 0.5850498581113137, 'gamma': 1.217510216129681} ===
=== Trial 88 PRUNED | Best Val Acc: 0.6000 at epoch 24 | Test Acc: 0.5743 | Params: {'lr': 0.00020957250060920567, 'weight_decay': 2.879225477223048e-06, 'dropout': 0.650766140384216, 'lambda': 0.5850498581113137, 'gamma': 1.217510216129681} ===
=== Trial 89 FINISHED | Best Val Acc: 0.7859 at epoch 585 | Test Acc: 0.7586 | Params: {'lr': 0.00014242445874354135, 'weight_decay': 7.320406560239413e-06, 'dropout': 0.5719332142462393, 'lambda': 0.5177333728772828, 'gamma': 1.0166549778838858} ===
=== Trial 90 PRUNED at epoch 30 | Best Val Acc: 0.5972 | Test Acc: 0.5957 | Params: {'lr': 0.00012481980880870613, 'weight_decay': 7.681684176090856e-06, 'dropout': 0.5697464414912651, 'lambda': 0.513544980247984, 'gamma': 1.0022304489302578} ===
=== Trial 90 PRUNED | Best Val Acc: 0.5972 at epoch 20 | Test Acc: 0.5957 | Params: {'lr': 0.00012481980880870613, 'weight_decay': 7.681684176090856e-06, 'dropout': 0.5697464414912651, 'lambda': 0.513544980247984, 'gamma': 1.0022304489302578} ===
=== Trial 91 PRUNED at epoch 75 | Best Val Acc: 0.6803 | Test Acc: 0.6840 | Params: {'lr': 0.00010139527056210011, 'weight_decay': 6.691687400597532e-06, 'dropout': 0.5897347991802503, 'lambda': 0.4426277142733071, 'gamma': 1.0739007211482487} ===
=== Trial 91 PRUNED | Best Val Acc: 0.6803 at epoch 58 | Test Acc: 0.6840 | Params: {'lr': 0.00010139527056210011, 'weight_decay': 6.691687400597532e-06, 'dropout': 0.5897347991802503, 'lambda': 0.4426277142733071, 'gamma': 1.0739007211482487} ===
=== Trial 92 FINISHED | Best Val Acc: 0.7831 at epoch 735 | Test Acc: 0.7625 | Params: {'lr': 0.0001553750331800546, 'weight_decay': 3.429776466028907e-06, 'dropout': 0.6100422715641803, 'lambda': 0.4644247802259309, 'gamma': 1.0260125396263744} ===
=== Trial 93 FINISHED | Best Val Acc: 0.7831 at epoch 992 | Test Acc: 0.7566 | Params: {'lr': 0.00020477324802456185, 'weight_decay': 3.3840765162509423e-06, 'dropout': 0.6822923820221835, 'lambda': 0.4682520028907709, 'gamma': 1.034035135659} ===
=== Trial 94 PRUNED at epoch 20 | Best Val Acc: 0.5549 | Test Acc: 0.5757 | Params: {'lr': 0.00020714947577243247, 'weight_decay': 3.943586265684645e-06, 'dropout': 0.6734487652644681, 'lambda': 0.4843012446232023, 'gamma': 1.1671909045614566} ===
=== Trial 94 PRUNED | Best Val Acc: 0.5549 at epoch 17 | Test Acc: 0.5757 | Params: {'lr': 0.00020714947577243247, 'weight_decay': 3.943586265684645e-06, 'dropout': 0.6734487652644681, 'lambda': 0.4843012446232023, 'gamma': 1.1671909045614566} ===
=== Trial 95 PRUNED at epoch 25 | Best Val Acc: 0.5901 | Test Acc: 0.5734 | Params: {'lr': 0.00013447463232765065, 'weight_decay': 2.0673463189553843e-06, 'dropout': 0.6957686085375215, 'lambda': 0.5251118974613468, 'gamma': 1.1275535105657046} ===
=== Trial 95 PRUNED | Best Val Acc: 0.5901 at epoch 21 | Test Acc: 0.5734 | Params: {'lr': 0.00013447463232765065, 'weight_decay': 2.0673463189553843e-06, 'dropout': 0.6957686085375215, 'lambda': 0.5251118974613468, 'gamma': 1.1275535105657046} ===
=== Trial 96 FINISHED | Best Val Acc: 0.7859 at epoch 685 | Test Acc: 0.7628 | Params: {'lr': 0.00017863370684371597, 'weight_decay': 9.87122731596668e-06, 'dropout': 0.6372382297805361, 'lambda': 0.46683080080606204, 'gamma': 1.0729378827336111} ===
=== Trial 97 PRUNED at epoch 20 | Best Val Acc: 0.5366 | Test Acc: 0.4963 | Params: {'lr': 0.0015331400642065477, 'weight_decay': 9.390770109903924e-06, 'dropout': 0.6584196285314745, 'lambda': 0.4293985016783577, 'gamma': 0.9573205054711096} ===
=== Trial 97 PRUNED | Best Val Acc: 0.5366 at epoch 13 | Test Acc: 0.4963 | Params: {'lr': 0.0015331400642065477, 'weight_decay': 9.390770109903924e-06, 'dropout': 0.6584196285314745, 'lambda': 0.4293985016783577, 'gamma': 0.9573205054711096} ===
=== Trial 98 PRUNED at epoch 35 | Best Val Acc: 0.6211 | Test Acc: 0.6021 | Params: {'lr': 0.00023929330718788409, 'weight_decay': 1.3830151131638252e-05, 'dropout': 0.7578682312145638, 'lambda': 0.4976666580990466, 'gamma': 1.065968657898085} ===
=== Trial 98 PRUNED | Best Val Acc: 0.6211 at epoch 31 | Test Acc: 0.6021 | Params: {'lr': 0.00023929330718788409, 'weight_decay': 1.3830151131638252e-05, 'dropout': 0.7578682312145638, 'lambda': 0.4976666580990466, 'gamma': 1.065968657898085} ===
=== Trial 99 FINISHED | Best Val Acc: 0.7859 at epoch 354 | Test Acc: 0.7603 | Params: {'lr': 0.000190447535119734, 'weight_decay': 1.8344557337460694e-05, 'dropout': 0.6345645537388289, 'lambda': 0.7294991542499634, 'gamma': 1.0799764046053493} ===
Best trial:
  Value: 0.7887
  Params: 
    lr: 0.0005543814651823306
    weight_decay: 1.2613064265377417e-05
    dropout: 0.5169789482534437
    lambda: 0.3772117893979684
    gamma: 0.9700728488025924
